<?xml version="1.0" encoding="UTF-8"?>
<testsuite name="Chrome Test"
           tests="10"
           failures="1"
           errors="0"
           skipped="0"
           time="195.724">
  <properties />
            <testcase name="verifyEdit_btnTest" time="7.427" classname="Testcases.AccountPageTestCases">
                <failure type="org.openqa.selenium.ElementClickInterceptedException"
                  message="element click intercepted: Element is not clickable at point (620, 1318)
  (Session info: chrome=109.0.5414.121)
Build info: version: &apos;3.14.0&apos;, revision: &apos;aacccce0&apos;, time: &apos;2018-08-02T20:19:58.91Z&apos;
System info: host: &apos;LP-5CD112S1PT&apos;, ip: &apos;192.168.1.16&apos;, os.name: &apos;Windows 10&apos;, os.arch: &apos;amd64&apos;, os.version: &apos;10.0&apos;, java.version: &apos;18.0.1.1&apos;
Driver info: org.openqa.selenium.chrome.ChromeDriver
Capabilities {acceptInsecureCerts: false, browserName: chrome, browserVersion: 109.0.5414.121, chrome: {chromedriverVersion: 109.0.5414.74 (e7c5703604da..., userDataDir: C:\Users\CHAMAR~1.ANU\AppDa...}, goog:chromeOptions: {debuggerAddress: localhost:58143}, javascriptEnabled: true, networkConnectionEnabled: false, pageLoadStrategy: normal, platform: WINDOWS, platformName: WINDOWS, proxy: Proxy(), setWindowRect: true, strictFileInteractability: false, timeouts: {implicit: 0, pageLoad: 300000, script: 30000}, unhandledPromptBehavior: dismiss and notify, webauthn:extension:credBlob: true, webauthn:extension:largeBlob: true, webauthn:virtualAuthenticators: true}
Session ID: dbeeaf95c62c73e7f92a95ab906d74e1"
              >
<![CDATA[org.openqa.selenium.ElementClickInterceptedException: element click intercepted: Element is not clickable at point (620, 1318)
  (Session info: chrome=109.0.5414.121)
Build info: version: '3.14.0', revision: 'aacccce0', time: '2018-08-02T20:19:58.91Z'
System info: host: 'LP-5CD112S1PT', ip: '192.168.1.16', os.name: 'Windows 10', os.arch: 'amd64', os.version: '10.0', java.version: '18.0.1.1'
Driver info: org.openqa.selenium.chrome.ChromeDriver
Capabilities {acceptInsecureCerts: false, browserName: chrome, browserVersion: 109.0.5414.121, chrome: {chromedriverVersion: 109.0.5414.74 (e7c5703604da..., userDataDir: C:\Users\CHAMAR~1.ANU\AppDa...}, goog:chromeOptions: {debuggerAddress: localhost:58143}, javascriptEnabled: true, networkConnectionEnabled: false, pageLoadStrategy: normal, platform: WINDOWS, platformName: WINDOWS, proxy: Proxy(), setWindowRect: true, strictFileInteractability: false, timeouts: {implicit: 0, pageLoad: 300000, script: 30000}, unhandledPromptBehavior: dismiss and notify, webauthn:extension:credBlob: true, webauthn:extension:largeBlob: true, webauthn:virtualAuthenticators: true}
Session ID: dbeeaf95c62c73e7f92a95ab906d74e1
  java.base/jdk.internal.reflect.DirectConstructorHandleAccessor.newInstance(DirectConstructorHandleAccessor.java:67)
  java.base/java.lang.reflect.Constructor.newInstanceWithCaller(Constructor.java:499)
  java.base/java.lang.reflect.Constructor.newInstance(Constructor.java:483)
  org.openqa.selenium.remote.http.W3CHttpResponseCodec.createException(W3CHttpResponseCodec.java:187)
  org.openqa.selenium.remote.http.W3CHttpResponseCodec.decode(W3CHttpResponseCodec.java:122)
  org.openqa.selenium.remote.http.W3CHttpResponseCodec.decode(W3CHttpResponseCodec.java:49)
  org.openqa.selenium.remote.HttpCommandExecutor.execute(HttpCommandExecutor.java:158)
  org.openqa.selenium.remote.service.DriverCommandExecutor.execute(DriverCommandExecutor.java:83)
  org.openqa.selenium.remote.RemoteWebDriver.execute(RemoteWebDriver.java:548)
  org.openqa.selenium.remote.RemoteWebElement.execute(RemoteWebElement.java:276)
  org.openqa.selenium.remote.RemoteWebElement.click(RemoteWebElement.java:83)
  java.base/jdk.internal.reflect.DirectMethodHandleAccessor.invoke(DirectMethodHandleAccessor.java:104)
  java.base/java.lang.reflect.Method.invoke(Method.java:577)
  org.openqa.selenium.support.pagefactory.internal.LocatingElementHandler.invoke(LocatingElementHandler.java:51)
  jdk.proxy2/jdk.proxy2.$Proxy13.click(Unknown Source)
  CA.Pages.AccountPage.verifyEdit_btn(AccountPage.java:193)
  Testcases.AccountPageTestCases.verifyEdit_btnTest(AccountPageTestCases.java:59)
  java.base/jdk.internal.reflect.DirectMethodHandleAccessor.invoke(DirectMethodHandleAccessor.java:104)
  java.base/java.lang.reflect.Method.invoke(Method.java:577)
  org.testng.internal.MethodInvocationHelper.invokeMethod(MethodInvocationHelper.java:108)
  org.testng.internal.Invoker.invokeMethod(Invoker.java:661)
  org.testng.internal.Invoker.invokeTestMethod(Invoker.java:869)
  org.testng.internal.Invoker.invokeTestMethods(Invoker.java:1193)
  org.testng.internal.TestMethodWorker.invokeTestMethods(TestMethodWorker.java:126)
  org.testng.internal.TestMethodWorker.run(TestMethodWorker.java:109)
  java.base/java.util.concurrent.ThreadPoolExecutor.runWorker(ThreadPoolExecutor.java:1136)
  java.base/java.util.concurrent.ThreadPoolExecutor$Worker.run(ThreadPoolExecutor.java:635)
  java.base/java.lang.Thread.run(Thread.java:833)
]]>
      </failure>

          </testcase>
  
  
            <testcase name="verifyChangeEmail_linkTest" time="52.762" classname="Testcases.AccountPageTestCases" />
                <testcase name="verifyAccountPageTest" time="6.222" classname="Testcases.AccountPageTestCases" />
                <testcase name="verifyChangePassword_linkTest" time="27.582" classname="Testcases.AccountPageTestCases" />
                <testcase name="verifyDeleteYourAccountTest" time="16.721" classname="Testcases.AccountPageTestCases" />
                <testcase name="verifyCommunicationpreferences_linkTest" time="30.436" classname="Testcases.AccountPageTestCases" />
                <testcase name="verifyexistinguserloginTest" time="17.521" classname="Testcases.AccountPageTestCases" />
                <testcase name="verifyViewall_btnTest" time="9.730" classname="Testcases.AccountPageTestCases" />
                <testcase name="verifyCancelButtonOnChangePasswordTest" time="16.382" classname="Testcases.AccountPageTestCases" />
                <testcase name="verifyCancelButtonOnChangeEmailTest" time="10.941" classname="Testcases.AccountPageTestCases" />
      
</testsuite>
